\BOOKMARK [1][-]{section.1}{Fall 2020}{}% 1
\BOOKMARK [2][-]{subsection.1.1}{objective}{section.1}% 2
\BOOKMARK [2][-]{subsection.1.2}{outline}{section.1}% 3
\BOOKMARK [2][-]{subsection.1.3}{procedures}{section.1}% 4
\BOOKMARK [2][-]{subsection.1.4}{parameters}{section.1}% 5
\BOOKMARK [2][-]{subsection.1.5}{Data}{section.1}% 6
\BOOKMARK [2][-]{subsection.1.6}{results}{section.1}% 7
\BOOKMARK [1][-]{section.2}{Winter 2021}{}% 8
\BOOKMARK [2][-]{subsection.2.1}{objective}{section.2}% 9
\BOOKMARK [2][-]{subsection.2.2}{outline}{section.2}% 10
\BOOKMARK [2][-]{subsection.2.3}{procedures}{section.2}% 11
\BOOKMARK [2][-]{subsection.2.4}{parameters}{section.2}% 12
\BOOKMARK [2][-]{subsection.2.5}{observations}{section.2}% 13
\BOOKMARK [2][-]{subsection.2.6}{data}{section.2}% 14
\BOOKMARK [2][-]{subsection.2.7}{results}{section.2}% 15
\BOOKMARK [1][-]{section.3}{Spring 2021}{}% 16
\BOOKMARK [2][-]{subsection.3.1}{objective}{section.3}% 17
\BOOKMARK [2][-]{subsection.3.2}{outline}{section.3}% 18
\BOOKMARK [2][-]{subsection.3.3}{procedures}{section.3}% 19
\BOOKMARK [2][-]{subsection.3.4}{parameters}{section.3}% 20
\BOOKMARK [2][-]{subsection.3.5}{observations}{section.3}% 21
\BOOKMARK [2][-]{subsection.3.6}{debugging}{section.3}% 22
\BOOKMARK [2][-]{subsection.3.7}{Water Heater Dynamic Driving Parameters}{section.3}% 23
\BOOKMARK [2][-]{subsection.3.8}{Heating Element Capacity}{section.3}% 24
\BOOKMARK [2][-]{subsection.3.9}{Commented commands by GLD folks}{section.3}% 25
\BOOKMARK [2][-]{subsection.3.10}{Water Heater Source Code Structure}{section.3}% 26
\BOOKMARK [2][-]{subsection.3.11}{Errors Summary}{section.3}% 27
\BOOKMARK [2][-]{subsection.3.12}{Questions}{section.3}% 28
\BOOKMARK [2][-]{subsection.3.13}{How does a Heat Pump Water-Heater work?}{section.3}% 29
\BOOKMARK [2][-]{subsection.3.14}{Coefficient of Performance \(CoP\)}{section.3}% 30
\BOOKMARK [1][-]{section.4}{Summer 2021}{}% 31
\BOOKMARK [1][-]{section.5}{Fall 2021}{}% 32
\BOOKMARK [2][-]{subsection.5.1}{Coefficient of Performance: V1}{section.5}% 33
\BOOKMARK [2][-]{subsection.5.2}{Coefficient of Performance: V2}{section.5}% 34
\BOOKMARK [2][-]{subsection.5.3}{this should work in a good position}{section.5}% 35
